[ 2017-06-19T17:43:33+08:00 ] 127.0.0.1 /index.php/createConf
INFO: [ app_init ] --START--
INFO: Run Behavior\BuildLiteBehavior [ RunTime:0.000008s ]
INFO: [ app_init ] --END-- [ RunTime:0.000584s ]
ERR: 无法加载模块:CreateConf

[ 2017-06-19T20:05:18+08:00 ] 127.0.0.1 /index.php/Application/Home/Common/newFile/1111.wshoto.com.conf
INFO: [ app_init ] --START--
INFO: Run Behavior\BuildLiteBehavior [ RunTime:0.000007s ]
INFO: [ app_init ] --END-- [ RunTime:0.000524s ]
ERR: 无法加载模块:Application

[ 2017-06-19T20:58:38+08:00 ] 127.0.0.1 /index.php/Application/Home/Common/newFile/1111.wshoto.com.conf
INFO: [ app_init ] --START--
INFO: Run Behavior\BuildLiteBehavior [ RunTime:0.000009s ]
INFO: [ app_init ] --END-- [ RunTime:0.000488s ]
ERR: 无法加载模块:Application

[ 2017-06-19T21:08:57+08:00 ] 127.0.0.1 /index.php/Application/Home/Common/newFile/1111.wshoto.com.conf
INFO: [ app_init ] --START--
INFO: Run Behavior\BuildLiteBehavior [ RunTime:0.000008s ]
INFO: [ app_init ] --END-- [ RunTime:0.000563s ]
ERR: 无法加载模块:Application

[ 2017-06-19T21:09:10+08:00 ] 127.0.0.1 /index.php/Application/Home/Common/newFile/1111.wshoto.com.conf
INFO: [ app_init ] --START--
INFO: Run Behavior\BuildLiteBehavior [ RunTime:0.000034s ]
INFO: [ app_init ] --END-- [ RunTime:0.000538s ]
ERR: 无法加载模块:Application

